<?xml version="1.0" encoding="UTF-8"?>
<!-- Generated by org.testng.reporters.JUnitReportReporter -->
<testsuite skipped="0" hostname="DESKTOP-CM9PF6I" name="rahulshettyacademy.SeleniumTest" tests="2" failures="0" timestamp="2020-08-13T16:59:59 IST" time="0.003" errors="0">
  <testcase name="elementsUi" time="0.001" classname="rahulshettyacademy.SeleniumTest"/>
  <system-out/>
  <testcase name="BrowserAutomation" time="0.002" classname="rahulshettyacademy.SeleniumTest"/>
  <system-out/>
</testsuite> <!-- rahulshettyacademy.SeleniumTest -->
