<?xml version="1.0" encoding="UTF-8"?>
<!-- Generated by org.testng.reporters.JUnitReportReporter -->
<testsuite skipped="0" hostname="DESKTOP-CM9PF6I" name="rahulshettyacademy.ApiumTest" tests="2" failures="0" timestamp="2020-08-13T16:59:59 IST" time="0.004" errors="0">
  <testcase name="NativeAppAndroid" time="0.001" classname="rahulshettyacademy.ApiumTest"/>
  <system-out/>
  <testcase name="IOSApps" time="0.003" classname="rahulshettyacademy.ApiumTest"/>
  <system-out/>
</testsuite> <!-- rahulshettyacademy.ApiumTest -->
