<?xml version="1.0" encoding="UTF-8"?>
<!-- Generated by org.testng.reporters.JUnitReportReporter -->
<testsuite skipped="0" hostname="DESKTOP-CM9PF6I" name="rahulshettyacademy.ApiumTest" tests="2" failures="0" timestamp="2020-08-13T17:00:26 IST" time="0.000" errors="0">
  <testcase name="IOSApps" time="0.000" classname="rahulshettyacademy.ApiumTest"/>
  <system-out/>
  <testcase name="NativeAppAndroid" time="0.000" classname="rahulshettyacademy.ApiumTest"/>
  <system-out/>
</testsuite> <!-- rahulshettyacademy.ApiumTest -->
