<?xml version="1.0" encoding="UTF-8"?>
<!-- Generated by org.testng.reporters.JUnitReportReporter -->
<testsuite skipped="0" hostname="DESKTOP-CM9PF6I" name="rahulshettyacademy.APITest" tests="2" failures="0" timestamp="2020-08-13T17:04:27 IST" time="0.007" errors="0">
  <testcase name="deleteTwitter" time="0.007" classname="rahulshettyacademy.APITest"/>
  <system-out/>
  <testcase name="postJira" time="0.000" classname="rahulshettyacademy.APITest"/>
  <system-out/>
</testsuite> <!-- rahulshettyacademy.APITest -->
